<?xml version="1.0" encoding="UTF-8"?>
<testng-results ignored="0" total="1" passed="1" failed="0" skipped="0">
  <reporter-output>
  </reporter-output>
  <suite started-at="2022-01-21T17:09:32 IST" name="Default suite" finished-at="2022-01-21T17:10:02 IST" duration-ms="29709">
    <groups>
    </groups>
    <test started-at="2022-01-21T17:09:32 IST" name="Default test" finished-at="2022-01-21T17:10:02 IST" duration-ms="29709">
      <class name="TestCases.AutomationTesting.FileUpload">
        <test-method signature="name()[pri:0, instance:TestCases.AutomationTesting.FileUpload@2e55dd0c]" started-at="2022-01-21T17:09:32 IST" name="name" finished-at="2022-01-21T17:10:02 IST" duration-ms="29541" status="PASS">
          <reporter-output>
          </reporter-output>
        </test-method> <!-- name -->
      </class> <!-- TestCases.AutomationTesting.FileUpload -->
    </test> <!-- Default test -->
  </suite> <!-- Default suite -->
</testng-results>
